-------------------------------------------------------------------------------
Test set: booking.controller.BookingControllerIntegrationTest
-------------------------------------------------------------------------------
Tests run: 1, Failures: 0, Errors: 1, Skipped: 0, Time elapsed: 3.582 s <<< FAILURE! - in booking.controller.BookingControllerIntegrationTest
testCreateValidBooking  Time elapsed: 0.009 s  <<< ERROR!
java.lang.IllegalStateException: Failed to load ApplicationContext for [WebMergedContextConfiguration@2a8a4e0c testClass = booking.controller.BookingControllerIntegrationTest, locations = [], classes = [booking.StartApplication], contextInitializerClasses = [], activeProfiles = ["test"], propertySourceDescriptors = [], propertySourceProperties = ["org.springframework.boot.test.context.SpringBootTestContextBootstrapper=true", "server.port=0"], contextCustomizers = [org.springframework.boot.test.context.filter.ExcludeFilterContextCustomizer@5ba3f27a, org.springframework.boot.test.json.DuplicateJsonObjectContextCustomizerFactory$DuplicateJsonObjectContextCustomizer@52af26ee, org.springframework.boot.test.mock.mockito.MockitoContextCustomizer@f1208cdf, org.springframework.boot.test.web.client.TestRestTemplateContextCustomizer@12aba8be, org.springframework.boot.test.autoconfigure.actuate.observability.ObservabilityContextCustomizerFactory$DisableObservabilityContextCustomizer@1f, org.springframework.boot.test.autoconfigure.properties.PropertyMappingContextCustomizer@0, org.springframework.boot.test.autoconfigure.web.servlet.WebDriverContextCustomizer@942a29c, org.springframework.boot.test.context.SpringBootTestAnnotation@d97818e4], resourceBasePath = "src/main/webapp", contextLoader = org.springframework.boot.test.context.SpringBootContextLoader, parent = null]
Caused by: java.lang.TypeNotPresentException: Type javax.servlet.http.HttpServletRequest not present
Caused by: java.lang.ClassNotFoundException: javax.servlet.http.HttpServletRequest

