-------------------------------------------------------------------------------
Test set: field.services.FieldEntityServiceTest
-------------------------------------------------------------------------------
Tests run: 2, Failures: 0, Errors: 2, Skipped: 0, Time elapsed: 0.63 s <<< FAILURE! - in field.services.FieldEntityServiceTest
testDeleteField  Time elapsed: 0.001 s  <<< ERROR!
java.lang.IllegalStateException: Failed to load ApplicationContext for [WebMergedContextConfiguration@747f6c5a testClass = field.services.FieldEntityServiceTest, locations = [], classes = [field.StartApplication], contextInitializerClasses = [], activeProfiles = ["test"], propertySourceDescriptors = [], propertySourceProperties = ["org.springframework.boot.test.context.SpringBootTestContextBootstrapper=true"], contextCustomizers = [org.springframework.boot.test.context.filter.ExcludeFilterContextCustomizer@43dac38f, org.springframework.boot.test.json.DuplicateJsonObjectContextCustomizerFactory$DuplicateJsonObjectContextCustomizer@1de76cc7, org.springframework.boot.test.mock.mockito.MockitoContextCustomizer@b5d88997, org.springframework.boot.test.web.client.TestRestTemplateContextCustomizer@26e356f0, org.springframework.boot.test.autoconfigure.actuate.observability.ObservabilityContextCustomizerFactory$DisableObservabilityContextCustomizer@1f, org.springframework.boot.test.autoconfigure.properties.PropertyMappingContextCustomizer@0, org.springframework.boot.test.autoconfigure.web.servlet.WebDriverContextCustomizer@6fdbe764, org.springframework.boot.test.context.SpringBootTestAnnotation@f6d43857], resourceBasePath = "src/main/webapp", contextLoader = org.springframework.boot.test.context.SpringBootContextLoader, parent = null]
Caused by: java.lang.TypeNotPresentException: Type javax.servlet.http.HttpServletRequest not present
Caused by: java.lang.ClassNotFoundException: javax.servlet.http.HttpServletRequest

testSaveField  Time elapsed: 0 s  <<< ERROR!
java.lang.IllegalStateException: ApplicationContext failure threshold (1) exceeded: skipping repeated attempt to load context for [WebMergedContextConfiguration@747f6c5a testClass = field.services.FieldEntityServiceTest, locations = [], classes = [field.StartApplication], contextInitializerClasses = [], activeProfiles = ["test"], propertySourceDescriptors = [], propertySourceProperties = ["org.springframework.boot.test.context.SpringBootTestContextBootstrapper=true"], contextCustomizers = [org.springframework.boot.test.context.filter.ExcludeFilterContextCustomizer@43dac38f, org.springframework.boot.test.json.DuplicateJsonObjectContextCustomizerFactory$DuplicateJsonObjectContextCustomizer@1de76cc7, org.springframework.boot.test.mock.mockito.MockitoContextCustomizer@b5d88997, org.springframework.boot.test.web.client.TestRestTemplateContextCustomizer@26e356f0, org.springframework.boot.test.autoconfigure.actuate.observability.ObservabilityContextCustomizerFactory$DisableObservabilityContextCustomizer@1f, org.springframework.boot.test.autoconfigure.properties.PropertyMappingContextCustomizer@0, org.springframework.boot.test.autoconfigure.web.servlet.WebDriverContextCustomizer@6fdbe764, org.springframework.boot.test.context.SpringBootTestAnnotation@f6d43857], resourceBasePath = "src/main/webapp", contextLoader = org.springframework.boot.test.context.SpringBootContextLoader, parent = null]

