-------------------------------------------------------------------------------
Test set: field.controllers.BookingServiceControllerIntegrationTest
-------------------------------------------------------------------------------
Tests run: 1, Failures: 0, Errors: 1, Skipped: 0, Time elapsed: 0 s <<< FAILURE! - in field.controllers.BookingServiceControllerIntegrationTest
field.controllers.BookingServiceControllerIntegrationTest  Time elapsed: 0 s  <<< ERROR!
java.lang.IllegalStateException: Unable to find a @SpringBootConfiguration, you need to use @ContextConfiguration or @SpringBootTest(classes=...) with your test

