<?xml version="1.0" encoding="UTF-8"?>
<testsuite xmlns:xsi="http://www.w3.org/2001/XMLSchema-instance" xsi:noNamespaceSchemaLocation="https://maven.apache.org/surefire/maven-surefire-plugin/xsd/surefire-test-report-3.0.xsd" version="3.0" name="field.services.FieldEntityServiceTest" time="0.441" tests="5" errors="0" skipped="0" failures="0">
  <properties>
[...]
</properties>
  <testcase name="testUpdateFieldById" classname="field.services.FieldEntityServiceTest" time="0.003">
    <system-out><![CDATA[2024-02-18 17:46:57.717  INFO 78943 --- [           main] .b.t.c.SpringBootTestContextBootstrapper : Neither @ContextConfiguration nor @ContextHierarchy found for test class [field.services.FieldEntityServiceTest], using SpringBootContextLoader
2024-02-18 17:46:57.717  INFO 78943 --- [           main] o.s.t.c.support.AbstractContextLoader    : Could not detect default resource locations for test class [field.services.FieldEntityServiceTest]: no resource found for suffixes {-context.xml, Context.groovy}.
2024-02-18 17:46:57.717  INFO 78943 --- [           main] t.c.s.AnnotationConfigContextLoaderUtils : Could not detect default configuration classes for test class [field.services.FieldEntityServiceTest]: FieldEntityServiceTest does not declare any static, non-private, non-final, nested classes annotated with @Configuration.
2024-02-18 17:46:57.723  INFO 78943 --- [           main] .b.t.c.SpringBootTestContextBootstrapper : Found @SpringBootConfiguration field.StartApplication for test class field.services.FieldEntityServiceTest
2024-02-18 17:46:57.723  INFO 78943 --- [           main] .b.t.c.SpringBootTestContextBootstrapper : Loaded default TestExecutionListener class names from location [META-INF/spring.factories]: [org.springframework.boot.test.autoconfigure.restdocs.RestDocsTestExecutionListener, org.springframework.boot.test.autoconfigure.web.client.MockRestServiceServerResetTestExecutionListener, org.springframework.boot.test.autoconfigure.web.servlet.MockMvcPrintOnlyOnFailureTestExecutionListener, org.springframework.boot.test.autoconfigure.web.servlet.WebDriverTestExecutionListener, org.springframework.test.context.web.ServletTestExecutionListener, org.springframework.test.context.support.DirtiesContextBeforeModesTestExecutionListener, org.springframework.test.context.support.DependencyInjectionTestExecutionListener, org.springframework.test.context.support.DirtiesContextTestExecutionListener, org.springframework.test.context.transaction.TransactionalTestExecutionListener, org.springframework.test.context.jdbc.SqlScriptsTestExecutionListener, org.springframework.boot.test.mock.mockito.MockitoTestExecutionListener, org.springframework.boot.test.mock.mockito.ResetMocksTestExecutionListener]
2024-02-18 17:46:57.724  INFO 78943 --- [           main] .b.t.c.SpringBootTestContextBootstrapper : Using TestExecutionListeners: [org.springframework.test.context.web.ServletTestExecutionListener@295f08d4, org.springframework.test.context.support.DirtiesContextBeforeModesTestExecutionListener@21e24efc, org.springframework.boot.test.mock.mockito.MockitoTestExecutionListener@71069ba0, org.springframework.boot.test.autoconfigure.SpringBootDependencyInjectionTestExecutionListener@576a71a2, org.springframework.test.context.support.DirtiesContextTestExecutionListener@622da33, org.springframework.test.context.transaction.TransactionalTestExecutionListener@3504f1a5, org.springframework.test.context.jdbc.SqlScriptsTestExecutionListener@709ab73e, org.springframework.boot.test.autoconfigure.restdocs.RestDocsTestExecutionListener@74f93fee, org.springframework.boot.test.autoconfigure.web.client.MockRestServiceServerResetTestExecutionListener@649a9000, org.springframework.boot.test.autoconfigure.web.servlet.MockMvcPrintOnlyOnFailureTestExecutionListener@7601ccef, org.springframework.boot.test.autoconfigure.web.servlet.WebDriverTestExecutionListener@5387a656, org.springframework.boot.test.mock.mockito.ResetMocksTestExecutionListener@6ebcf587]

  .   ____          _            __ _ _
 /\\ / ___'_ __ _ _(_)_ __  __ _ \ \ \ \
( ( )\___ | '_ | '_| | '_ \/ _` | \ \ \ \
 \\/  ___)| |_)| | | | | || (_| |  ) ) ) )
  '  |____| .__|_| |_|_| |_\__, | / / / /
 =========|_|==============|___/=/_/_/_/
 :: Spring Boot ::        (v2.1.2.RELEASE)

2024-02-18 17:46:57.730  INFO 78943 --- [           main] field.services.FieldEntityServiceTest    : Starting FieldEntityServiceTest on MacBook-Air-Kuba-2.local with PID 78943 (started by kubalutomski in /Users/kubalutomski/Software_engineering/SportFacilityRentalSolution)
2024-02-18 17:46:57.730  INFO 78943 --- [           main] field.services.FieldEntityServiceTest    : The following profiles are active: test
2024-02-18 17:46:57.820  INFO 78943 --- [           main] .s.d.r.c.RepositoryConfigurationDelegate : Bootstrapping Spring Data repositories in DEFAULT mode.
2024-02-18 17:46:57.824  INFO 78943 --- [           main] .s.d.r.c.RepositoryConfigurationDelegate : Finished Spring Data repository scanning in 3ms. Found 1 repository interfaces.
2024-02-18 17:46:57.863  INFO 78943 --- [           main] trationDelegate$BeanPostProcessorChecker : Bean 'org.springframework.transaction.annotation.ProxyTransactionManagementConfiguration' of type [org.springframework.transaction.annotation.ProxyTransactionManagementConfiguration$$EnhancerBySpringCGLIB$$bc001a12] is not eligible for getting processed by all BeanPostProcessors (for example: not eligible for auto-proxying)
2024-02-18 17:46:57.885  INFO 78943 --- [           main] com.zaxxer.hikari.HikariDataSource       : HikariPool-10 - Starting...
2024-02-18 17:46:57.886  INFO 78943 --- [           main] com.zaxxer.hikari.HikariDataSource       : HikariPool-10 - Start completed.
2024-02-18 17:46:57.891  INFO 78943 --- [           main] o.hibernate.jpa.internal.util.LogHelper  : HHH000204: Processing PersistenceUnitInfo [
	name: default
	...]
2024-02-18 17:46:57.894  INFO 78943 --- [           main] org.hibernate.dialect.Dialect            : HHH000400: Using dialect: org.hibernate.dialect.H2Dialect
2024-02-18 17:46:57.906  INFO 78943 --- [           main] o.h.t.schema.internal.SchemaCreatorImpl  : HHH000476: Executing import script 'org.hibernate.tool.schema.internal.exec.ScriptSourceInputNonExistentImpl@720bb379'
2024-02-18 17:46:57.906  INFO 78943 --- [           main] j.LocalContainerEntityManagerFactoryBean : Initialized JPA EntityManagerFactory for persistence unit 'default'
2024-02-18 17:46:57.969  WARN 78943 --- [           main] aWebConfiguration$JpaWebMvcConfiguration : spring.jpa.open-in-view is enabled by default. Therefore, database queries may be performed during view rendering. Explicitly configure spring.jpa.open-in-view to disable this warning
2024-02-18 17:46:58.004  INFO 78943 --- [           main] pertySourcedRequestMappingHandlerMapping : Mapped URL path [/v2/api-docs] onto method [public org.springframework.http.ResponseEntity<springfox.documentation.spring.web.json.Json> springfox.documentation.swagger2.web.Swagger2Controller.getDocumentation(java.lang.String,javax.servlet.http.HttpServletRequest)]
2024-02-18 17:46:58.072  INFO 78943 --- [           main] o.s.s.concurrent.ThreadPoolTaskExecutor  : Initializing ExecutorService 'applicationTaskExecutor'
2024-02-18 17:46:58.127  INFO 78943 --- [           main] d.s.w.p.DocumentationPluginsBootstrapper : Context refreshed
2024-02-18 17:46:58.127  INFO 78943 --- [           main] d.s.w.p.DocumentationPluginsBootstrapper : Found 1 custom documentation plugin(s)
2024-02-18 17:46:58.130  INFO 78943 --- [           main] s.d.s.w.s.ApiListingReferenceScanner     : Scanning for api listing references
2024-02-18 17:46:58.143  INFO 78943 --- [           main] field.services.FieldEntityServiceTest    : Started FieldEntityServiceTest in 0.419 seconds (JVM running for 11.271)
]]></system-out>
  </testcase>
  <testcase name="testFindFieldById" classname="field.services.FieldEntityServiceTest" time="0.001"/>
  <testcase name="testSaveField" classname="field.services.FieldEntityServiceTest" time="0.002"/>
  <testcase name="testFindAllFields" classname="field.services.FieldEntityServiceTest" time="0.002"/>
  <testcase name="testDeleteFieldById" classname="field.services.FieldEntityServiceTest" time="0.001"/>
</testsuite>